[2026-02-23 19:52:00] Task ID: 异步持久化模块_001
Status: SUCCESS
Description: Initialize SQLite Database Schema (DDL) and Compound Indexes

Implementation Summary:
- Created professional Java project structure under tech.yesboss package
- Implemented V1__init_schema.sql with complete DDL:
  * task_session table with idx_session_im_route and idx_session_parent indexes
  * chat_message table with critical idx_chat_msg_seq unique index
  * tool_execution_log table with idx_tool_log_session and idx_tool_log_call_id indexes
- Created DatabaseInitializer.java for schema execution
- Created SQLiteConnectionManager.java for connection management
- All CHECK constraints properly configured (im_type, role, status, stream_type, etc.)
- Foreign key constraints with ON DELETE CASCADE

Test Results:
- 12/12 tests passed (100% success rate)
- Verified all tables created with correct columns
- Verified all indexes created correctly
- Verified CHECK constraints enforce enum values
- Verified unique constraint on (session_id, stream_type, sequence_num)

Files Created:
- src/main/resources/db/migration/V1__init_schema.sql
- src/main/java/tech/yesboss/persistence/db/DatabaseInitializer.java
- src/main/java/tech/yesboss/persistence/db/SQLiteConnectionManager.java
- src/test/java/tech/yesboss/persistence/db/DatabaseInitializerTest.java
- src/test/java/tech/yesboss/persistence/db/ManualSchemaTest.java
- pom.xml (Maven configuration with Java 17)
